0 info it worked if it ends with ok
1 verbose cli [ 'C:\\Program Files\\nodejs\\node.exe',
1 verbose cli   'C:\\Program Files\\nodejs\\node_modules\\npm\\bin\\npm-cli.js',
1 verbose cli   'run',
1 verbose cli   'dev' ]
2 info using npm@3.10.8
3 info using node@v6.9.0
4 verbose run-script [ 'predev', 'dev', 'postdev' ]
5 info lifecycle atf@1.0.0~predev: atf@1.0.0
6 silly lifecycle atf@1.0.0~predev: no script for predev, continuing
7 info lifecycle atf@1.0.0~dev: atf@1.0.0
8 verbose lifecycle atf@1.0.0~dev: unsafe-perm in lifecycle true
9 verbose lifecycle atf@1.0.0~dev: PATH: C:\Users\Default\AppData\Roaming\nvm\nvm\v6.9.0\node_modules\npm\bin\node-gyp-bin;e:\ATF\node_modules\.bin;C:\Program Files\Git\mingw64\bin;C:\Program Files\Git\usr\bin;C:\Users\Clear Liu\bin;D:\xshell;C:\Program Files (x86)\Common Files\Oracle\Java\javapath;C:\Python27;C:\Python27\Scripts;C:\Windows\system32;C:\Windows;C:\Windows\System32\Wbem;C:\Windows\System32\WindowsPowerShell\v1.0;C:\Windows\System32\OpenSSH;C:\Program Files (x86)\NVIDIA Corporation\PhysX\Common;C:\Program Files\NVIDIA Corporation\NVIDIA NGX;C:\Program Files\NVIDIA Corporation\NVIDIA NvDLISR;C:\Program Files (x86)\Intel\Intel(R) Management Engine Components\DAL;C:\Program Files\Intel\Intel(R) Management Engine Components\DAL;C:\Program Files\Intel\WiFi\bin;C:\Program Files\Common Files\Intel\WirelessCommon;C:\Program Files\Java\jdk1.8.0_202\bin;C:\Program Files\Git\cmd;C:\Users\Default\AppData\Roaming\nvm\nvm;C:\Program Files\nodejs;C:\Users\Clear Liu\AppData\Local\Microsoft\WindowsApps;D:\Microsoft VS Code\bin;C:\Program Files\JetBrains\WebStorm 2019.2\bin;C:\Users\Default\AppData\Roaming\nvm\nvm;C:\Program Files\nodejs;D:\Nmap
10 verbose lifecycle atf@1.0.0~dev: CWD: e:\ATF
11 silly lifecycle atf@1.0.0~dev: Args: [ '/d /s /c', 'fis3 server start && fis3 release -w' ]
12 silly lifecycle atf@1.0.0~dev: Returned: code: 3221225786  signal: null
13 info lifecycle atf@1.0.0~dev: Failed to exec dev script
14 verbose stack Error: atf@1.0.0 dev: `fis3 server start && fis3 release -w`
14 verbose stack Exit status 3221225786
14 verbose stack     at EventEmitter.<anonymous> (C:\Users\Default\AppData\Roaming\nvm\nvm\v6.9.0\node_modules\npm\lib\utils\lifecycle.js:255:16)
14 verbose stack     at emitTwo (events.js:106:13)
14 verbose stack     at EventEmitter.emit (events.js:191:7)
14 verbose stack     at ChildProcess.<anonymous> (C:\Users\Default\AppData\Roaming\nvm\nvm\v6.9.0\node_modules\npm\lib\utils\spawn.js:40:14)
14 verbose stack     at emitTwo (events.js:106:13)
14 verbose stack     at ChildProcess.emit (events.js:191:7)
14 verbose stack     at maybeClose (internal/child_process.js:877:16)
14 verbose stack     at Process.ChildProcess._handle.onexit (internal/child_process.js:226:5)
15 verbose pkgid atf@1.0.0
16 verbose cwd e:\ATF
17 error Windows_NT 10.0.17763
18 error argv "C:\\Program Files\\nodejs\\node.exe" "C:\\Program Files\\nodejs\\node_modules\\npm\\bin\\npm-cli.js" "run" "dev"
19 error node v6.9.0
20 error npm  v3.10.8
21 error code ELIFECYCLE
22 error atf@1.0.0 dev: `fis3 server start && fis3 release -w`
22 error Exit status 3221225786
23 error Failed at the atf@1.0.0 dev script 'fis3 server start && fis3 release -w'.
23 error Make sure you have the latest version of node.js and npm installed.
23 error If you do, this is most likely a problem with the atf package,
23 error not with npm itself.
23 error Tell the author that this fails on your system:
23 error     fis3 server start && fis3 release -w
23 error You can get information on how to open an issue for this project with:
23 error     npm bugs atf
23 error Or if that isn't available, you can get their info via:
23 error     npm owner ls atf
23 error There is likely additional logging output above.
24 verbose exit [ 1, true ]
